<?xml version="1.0" encoding="UTF-8"?>
<testsuite name="com.TMDB.backend.Service.DeckServiceTest" tests="5" skipped="0" failures="0" errors="0" timestamp="2024-08-21T07:33:16" hostname="gimgyeocBookAir" time="0.446">
  <properties/>
  <testcase name="testUpdateDeck()" classname="com.TMDB.backend.Service.DeckServiceTest" time="0.432"/>
  <testcase name="testGetAllDecksByUserId()" classname="com.TMDB.backend.Service.DeckServiceTest" time="0.002"/>
  <testcase name="testCreateDeck()" classname="com.TMDB.backend.Service.DeckServiceTest" time="0.005"/>
  <testcase name="testDeleteDeck()" classname="com.TMDB.backend.Service.DeckServiceTest" time="0.001"/>
  <testcase name="testGetDeckById()" classname="com.TMDB.backend.Service.DeckServiceTest" time="0.002"/>
  <system-out><![CDATA[]]></system-out>
  <system-err><![CDATA[]]></system-err>
</testsuite>
